Build started 2/21/2013 10:01:06 PM.
     1>Project "C:\Users\ChrisM\documents\visual studio 2010\Projects\dolbydota\dolbydota\dolbydota.vcxproj" on node 2 (build target(s)).
     1>InitializeBuildStatus:
         Creating "Debug\dolbydota.unsuccessfulbuild" because "AlwaysCreate" was specified.
       ClCompile:
         c:\Program Files (x86)\Microsoft Visual Studio 10.0\VC\bin\CL.exe /c /I"C:\Program Files (x86)\DolbyAxon\API" /ZI /nologo /W3 /WX- /Od /Oy- /D _MBCS /Gm /EHsc /RTC1 /MDd /GS /fp:precise /Zc:wchar_t /Zc:forScope /Fo"Debug\\" /Fd"Debug\vc100.pdb" /Gd /TP /analyze- /errorReport:prompt dolbydota.cpp
         dolbydota.cpp
     1>c:\users\chrism\documents\visual studio 2010\projects\dolbydota\dolbydota\dolbydota.cpp(95): warning C4715: 'selectChat' : not all control paths return a value
       Link:
         c:\Program Files (x86)\Microsoft Visual Studio 10.0\VC\bin\link.exe /ERRORREPORT:PROMPT /OUT:"C:\Users\ChrisM\documents\visual studio 2010\Projects\dolbydota\Debug\dolbydota.exe" /NOLOGO /LIBPATH:"C:\Program Files (x86)\DolbyAxon\API" kernel32.lib user32.lib gdi32.lib winspool.lib comdlg32.lib advapi32.lib shell32.lib ole32.lib oleaut32.lib uuid.lib odbc32.lib odbccp32.lib axonapi.lib kernel32.lib user32.lib gdi32.lib winspool.lib comdlg32.lib advapi32.lib shell32.lib ole32.lib oleaut32.lib uuid.lib odbc32.lib odbccp32.lib /MANIFEST /ManifestFile:"Debug\dolbydota.exe.intermediate.manifest" /MANIFESTUAC:"level='asInvoker' uiAccess='false'" /DEBUG /PDB:"C:\Users\ChrisM\documents\visual studio 2010\Projects\dolbydota\Debug\dolbydota.pdb" /TLBID:1 /DYNAMICBASE /NXCOMPAT /IMPLIB:"C:\Users\ChrisM\documents\visual studio 2010\Projects\dolbydota\Debug\dolbydota.lib" /MACHINE:X86 Debug\dolbydota.obj
         LINK : C:\Users\ChrisM\documents\visual studio 2010\Projects\dolbydota\Debug\dolbydota.exe not found or not built by the last incremental link; performing full link
         dolbydota.vcxproj -> C:\Users\ChrisM\documents\visual studio 2010\Projects\dolbydota\Debug\dolbydota.exe
       Manifest:
         C:\Program Files (x86)\Microsoft SDKs\Windows\v7.0A\bin\mt.exe /nologo /verbose /outputresource:"C:\Users\ChrisM\documents\visual studio 2010\Projects\dolbydota\Debug\dolbydota.exe;#1" /manifest Debug\dolbydota.exe.intermediate.manifest
       FinalizeBuildStatus:
         Deleting file "Debug\dolbydota.unsuccessfulbuild".
         Touching "Debug\dolbydota.lastbuildstate".
     1>Done Building Project "C:\Users\ChrisM\documents\visual studio 2010\Projects\dolbydota\dolbydota\dolbydota.vcxproj" (build target(s)).

Build succeeded.

Time Elapsed 00:00:01.22
